[0.00000] [Внимание] Модуль URL rewrite неактивен. Витрины в подкаталогах будут недоступны.
[0.00000] [Внимание] Модуль URL rewrite неактивен. Витрины в подкаталогах будут недоступны.
[0.00675] [Обратите внимание] Не удалось установить соединение с базой данных
[0.00680] [Ошибка] Настройки MySQL неверны
[0.00000] [Внимание] Модуль URL rewrite неактивен. Витрины в подкаталогах будут недоступны.
[0.00560] [Обратите внимание] Не удалось установить соединение с базой данных
[0.00567] [Ошибка] Настройки MySQL неверны
[0.00000] [Внимание] Модуль URL rewrite неактивен. Витрины в подкаталогах будут недоступны.
[0.00506] [Обратите внимание] Не удалось установить соединение с базой данных
[0.00513] [Ошибка] Настройки MySQL неверны
[0.00000] [Внимание] Модуль URL rewrite неактивен. Витрины в подкаталогах будут недоступны.
[0.00185] [Обратите внимание] Не удалось установить соединение с базой данных
[0.00189] [Ошибка] Настройки MySQL неверны
[0.00000] [Внимание] Модуль URL rewrite неактивен. Витрины в подкаталогах будут недоступны.
[0.01116] [Обратите внимание] Не удалось установить соединение с базой данных
[0.01122] [Ошибка] Настройки MySQL неверны
[0.00000] [Внимание] Модуль URL rewrite неактивен. Витрины в подкаталогах будут недоступны.
[0.00000] [Внимание] Модуль URL rewrite неактивен. Витрины в подкаталогах будут недоступны.
[0.00180] [Обратите внимание] Не удалось установить соединение с базой данных
[0.00185] [Ошибка] Настройки MySQL неверны
[0.00000] [Внимание] Модуль URL rewrite неактивен. Витрины в подкаталогах будут недоступны.
[1.26995] [Обратите внимание] Создание схемы базы данных
[2.14776] [Обратите внимание] Импорт данных
[2.95021] [Обратите внимание] Создание демо
[4.00133] [Обратите внимание] Установка дополнительного языка ru
[4.57930] [Обратите внимание] Установка дополнительного языка ru
